<?xml version="1.0" encoding="UTF-8"?>
<!-- Generated by org.testng.reporters.JUnitReportReporter -->
<testsuite skipped="0" hostname="DESKTOP-3H06R2P" name="testcases.TC001_CreateLead" tests="2" failures="0" timestamp="29 Aug 2018 11:41:54 GMT" time="28.828" errors="0">
  <testcase name="createLead" time="15.116" classname="testcases.TC001_CreateLead"/>
  <testcase name="createLead" time="13.712" classname="testcases.TC001_CreateLead"/>
</testsuite> <!-- testcases.TC001_CreateLead -->
